-------------------------------------------------------------------------------
Test set: com.demo.testrunners.TestAppRunner
-------------------------------------------------------------------------------
Tests run: 2, Failures: 1, Errors: 0, Skipped: 0, Time elapsed: 141.02 s <<< FAILURE! - in com.demo.testrunners.TestAppRunner
As an User, I would like to login into the Gmail application(Verify Gmail Web App Launch and Login)  Time elapsed: 51.266 s  <<< FAILURE!
org.junit.ComparisonFailure: expected:<[Gmail]> but was:<[Sign in - Google Accounts]>

