-------------------------------------------------------------------------------
Test set: com.ishir.testrunners.TestAppRunner
-------------------------------------------------------------------------------
Tests run: 11, Failures: 1, Errors: 0, Skipped: 0, Time elapsed: 597.104 s <<< FAILURE! - in com.ishir.testrunners.TestAppRunner
Navigate to Get in Touch from News main page(News Page Navigation)  Time elapsed: 67.448 s  <<< FAILURE!
org.junit.ComparisonFailure: expected:<[Get in Touch | Hire Developers | Contact Our Tech Experts | 24/7 Support | India, Dallas, Tx - ISHIR]> but was:<[In The News - ISHIR | Custom Software Development Dallas Texas]>

