<?xml version="1.0" encoding="UTF-8"?>
<testsuite xmlns:xsi="http://www.w3.org/2001/XMLSchema-instance" xsi:noNamespaceSchemaLocation="https://maven.apache.org/surefire/maven-surefire-plugin/xsd/surefire-test-report.xsd" name="com.ishir.testrunners.TestAppRunner" time="597.104" tests="11" errors="0" skipped="0" failures="1">
  <properties>
[...]
</properties>
  <testcase name="Navigate to Company page" classname="Company Page Navigation" time="52.5"/>
  <testcase name="Navigate to Get in Touch from Banner under Company page" classname="Company Page Navigation" time="53.447"/>
  <testcase name="Navigate to Get in Touch from How We Engage under Company page" classname="Company Page Navigation" time="53.232"/>
  <testcase name="Navigate to Events page" classname="Events Page Navigation" time="47.283"/>
  <testcase name="Navigate to Get in Touch from Events main page" classname="Events Page Navigation" time="50.572"/>
  <testcase name="Navigate to Get in Touch from Events detail page" classname="Events Page Navigation" time="54.793"/>
  <testcase name="Navigate to Get in Touch from Trending Blogs page" classname="Events Page Navigation" time="54.149"/>
  <testcase name="Navigate to Leadership page" classname="Leadership Page Navigation" time="51.565"/>
  <testcase name="Navigate to Get in Touch from Leadership page" classname="Leadership Page Navigation" time="56.25"/>
  <testcase name="Navigate to News page" classname="News Page Navigation" time="48.898"/>
  <testcase name="Navigate to Get in Touch from News main page" classname="News Page Navigation" time="67.448">
    <failure message="expected:&lt;[Get in Touch | Hire Developers | Contact Our Tech Experts | 24/7 Support | India, Dallas, Tx - ISHIR]&gt; but was:&lt;[In The News - ISHIR | Custom Software Development Dallas Texas]&gt;" type="org.junit.ComparisonFailure"><![CDATA[org.junit.ComparisonFailure: expected:<[Get in Touch | Hire Developers | Contact Our Tech Experts | 24/7 Support | India, Dallas, Tx - ISHIR]> but was:<[In The News - ISHIR | Custom Software Development Dallas Texas]>
]]></failure>
    <system-out><![CDATA[
@NewsPage
Scenario: Navigate to Get in Touch from News main page      &amp#27;[90m# src/test/resources/features/NewsPage.feature:12&amp#27;[0m
The Selected Browser Name is : Chrome
The Browser Value is : Chrome
The Application URL is : https://www.ishir.com/
  &amp#27;[32mGiven &amp#27;[0m&amp#27;[32mthe user is on the News page&amp#27;[0m                        &amp#27;[90m# com.ishir.stepsdefinitions.NewsSteps.theUserIsOnTheNewsPage()&amp#27;[0m
Allowed all cookies
Failed to click on: By.cssSelector: Stay Updated | Reason: Expected condition failed: waiting for com.ishir.pages.base.BasePage$$Lambda/0x0000020310442c80@5ac7550a (tried for 20 second(s) with 2000 milliseconds interval)
Build info: version: '4.35.0', revision: '1c58e5028b'
System info: os.name: 'Windows 10', os.arch: 'amd64', os.version: '10.0', java.version: '21.0.5'
Driver info: driver.version: unknown
  &amp#27;[32mWhen &amp#27;[0m&amp#27;[32mthe user clicks the Stay Updated button on News Page&amp#27;[0m &amp#27;[90m# com.ishir.stepsdefinitions.NewsSteps.theUserClicksTheStayUpdatedButtonOnNewsPage()&amp#27;[0m
  &amp#27;[31mThen &amp#27;[0m&amp#27;[31mthe Get in Touch form should appear&amp#27;[0m                  &amp#27;[90m# com.ishir.stepsdefinitions.HomePageSteps.getInTouchFormAppears()&amp#27;[0m
      &amp#27;[31morg.junit.ComparisonFailure: expected:<[Get in Touch | Hire Developers | Contact Our Tech Experts | 24/7 Support | India, Dallas, Tx - ISHIR]> but was:<[In The News - ISHIR | Custom Software Development Dallas Texas]>
	at org.junit.Assert.assertEquals(Assert.java:117)
	at org.junit.Assert.assertEquals(Assert.java:146)
	at com.ishir.stepsdefinitions.HomePageSteps.getInTouchFormAppears(HomePageSteps.java:33)
	at ✽.the Get in Touch form should appear(file:///D:/LearningPOC/Gogs%20Local%20Repo/Ishir-AutomatedTestFramework/src/test/resources/features/NewsPage.feature:15)
&amp#27;[0m
Navigate to Get in Touch from News main pageNavigate_to_Get_in_Touch_from_News_main_page

    Embedding Navigate_to_Get_in_Touch_from_News_main_page [image/png 405946 bytes]

]]></system-out>
    <system-err><![CDATA[Oct 24, 2025 3:43:17 PM org.openqa.selenium.devtools.CdpVersionFinder findNearestMatch
WARNING: Unable to find an exact match for CDP version 141, returning the closest version; found: 139; Please update to a Selenium version that supports CDP version 141
]]></system-err>
  </testcase>
</testsuite>